9812-ERROR-Game Crash at Sun Jan 16 21:56:11 2022 (Version 0.13.0a)
Traceback (most recent call last):
  File "c:\Users\Elijah McLaughlin\Desktop\Python Projects\Blob_Ball\blob_ball\main.py", line 107, in <module>
    game_state = run(game_state)
  File "c:\Users\Elijah McLaughlin\Desktop\Python Projects\Blob_Ball\blob_ball\main.py", line 86, in run
    new_game_state, info_getter, bgm_song, settings, ruleset = get_game_state(game_state, cwd)
  File "c:\Users\Elijah McLaughlin\Desktop\Python Projects\Blob_Ball\blob_ball\main.py", line 63, in get_game_state
    return ugs(game_state, cwd)
  File "c:\Users\Elijah McLaughlin\Desktop\Python Projects\Blob_Ball\blob_ball\engine\game_handler.py", line 84, in update_game_state
    info_getter = engine.gameplay.handle_gameplay(p1_blob, p2_blob, ruleset, settings, p1_is_cpu, p2_is_cpu, timer)
  File "c:\Users\Elijah McLaughlin\Desktop\Python Projects\Blob_Ball\blob_ball\engine\gameplay.py", line 216, in handle_gameplay
    reset_round()
TypeError: reset_round() missing 1 required positional argument: 'ruleset'
Game State: casual_match
P1 Blob: quirkless, is CPU: False
P2_Blob: quirkless, is CPU: False

~~~~~~~~~~~~~~~~~~~~~~~~~~~~~~~~~~~~~~~~~~

16068-ERROR-Game Crash at Mon Jan 17 08:47:54 2022 (Version 0.13.0a)
Traceback (most recent call last):
  File "c:\Users\Elijah McLaughlin\Desktop\Python Projects\Blob_Ball\blob_ball\main.py", line 107, in <module>
    game_state = run(game_state)
  File "c:\Users\Elijah McLaughlin\Desktop\Python Projects\Blob_Ball\blob_ball\main.py", line 86, in run
    new_game_state, info_getter, bgm_song, settings, ruleset = get_game_state(game_state, cwd)
  File "c:\Users\Elijah McLaughlin\Desktop\Python Projects\Blob_Ball\blob_ball\main.py", line 63, in get_game_state
    return ugs(game_state, cwd)
  File "c:\Users\Elijah McLaughlin\Desktop\Python Projects\Blob_Ball\blob_ball\engine\game_handler.py", line 84, in update_game_state
    info_getter = engine.gameplay.handle_gameplay(p1_blob, p2_blob, ruleset, settings, p1_is_cpu, p2_is_cpu, timer)
  File "c:\Users\Elijah McLaughlin\Desktop\Python Projects\Blob_Ball\blob_ball\engine\gameplay.py", line 156, in handle_gameplay
    p1_blob = ball.check_blob_collisions(p1_blob)
  File "c:\Users\Elijah McLaughlin\Desktop\Python Projects\Blob_Ball\blob_ball\engine\ball.py", line 94, in check_blob_collisions
    if(not blob.collision_timer) or (blob.kicked_timer and self.bounciness > 0.1):
AttributeError: 'Blob' object has no attribute 'kicked_timer'
Game State: casual_match
P1 Blob: quirkless, is CPU: False
P2_Blob: quirkless, is CPU: False

~~~~~~~~~~~~~~~~~~~~~~~~~~~~~~~~~~~~~~~~~~

14140-ERROR-Game Crash at Mon Jan 17 11:18:39 2022 (Version 0.13.0a)
Traceback (most recent call last):
  File "c:\Users\Elijah McLaughlin\Desktop\Python Projects\Blob_Ball\blob_ball\main.py", line 107, in <module>
    game_state = run(game_state)
  File "c:\Users\Elijah McLaughlin\Desktop\Python Projects\Blob_Ball\blob_ball\main.py", line 87, in run
    display_graphics(game_state, cwd, info_getter, settings)
  File "c:\Users\Elijah McLaughlin\Desktop\Python Projects\Blob_Ball\blob_ball\main.py", line 66, in display_graphics
    dg.handle_graphics(game_state, cwd, info_getter, settings)
  File "c:\Users\Elijah McLaughlin\Desktop\Python Projects\Blob_Ball\blob_ball\resources\graphics_engine\display_graphics.py", line 102, in handle_graphics
    draw_settings_screen(game_surface, the_settings, selector_position)
  File "c:\Users\Elijah McLaughlin\Desktop\Python Projects\Blob_Ball\blob_ball\resources\graphics_engine\display_settings.py", line 21, in draw_settings_screen
    ui_mode_text = "Top" if settings['ui_mode'] else "Bottom"
KeyError: 'ui_mode'
Game State: settings
P1 Blob: [], is CPU: False
P2_Blob: [], is CPU: False

~~~~~~~~~~~~~~~~~~~~~~~~~~~~~~~~~~~~~~~~~~

